{"C:\\training\\day_4\\sample1\\app.js": {"path":"C:\\training\\day_4\\sample1\\app.js","statementMap":{"0":{"start":{"line":1,"column":12},"end":{"line":1,"column":30}},"1":{"start":{"line":3,"column":20},"end":{"line":3,"column":44}},"2":{"start":{"line":3,"column":30},"end":{"line":3,"column":44}},"3":{"start":{"line":4,"column":20},"end":{"line":4,"column":49}},"4":{"start":{"line":4,"column":30},"end":{"line":4,"column":49}},"5":{"start":{"line":5,"column":20},"end":{"line":5,"column":49}},"6":{"start":{"line":5,"column":30},"end":{"line":5,"column":49}},"7":{"start":{"line":6,"column":20},"end":{"line":6,"column":47}},"8":{"start":{"line":6,"column":30},"end":{"line":6,"column":47}},"9":{"start":{"line":8,"column":1},"end":{"line":8,"column":55}}},"fnMap":{"0":{"name":"(anonymous_0)","decl":{"start":{"line":3,"column":20},"end":{"line":3,"column":21}},"loc":{"start":{"line":3,"column":30},"end":{"line":3,"column":44}},"line":3},"1":{"name":"(anonymous_1)","decl":{"start":{"line":4,"column":20},"end":{"line":4,"column":21}},"loc":{"start":{"line":4,"column":30},"end":{"line":4,"column":49}},"line":4},"2":{"name":"(anonymous_2)","decl":{"start":{"line":5,"column":20},"end":{"line":5,"column":21}},"loc":{"start":{"line":5,"column":30},"end":{"line":5,"column":49}},"line":5},"3":{"name":"(anonymous_3)","decl":{"start":{"line":6,"column":20},"end":{"line":6,"column":21}},"loc":{"start":{"line":6,"column":30},"end":{"line":6,"column":47}},"line":6}},"branchMap":{},"s":{"0":1,"1":1,"2":1,"3":1,"4":0,"5":1,"6":0,"7":1,"8":0,"9":1},"f":{"0":1,"1":0,"2":0,"3":0},"b":{},"_coverageSchema":"1a1c01bbd47fc00a2c39e90264f33305004495a9","hash":"56aa61bc5760c10086258818a6634f903fc1b0fc"}
,"C:\\training\\day_4\\sample1\\math.js": {"path":"C:\\training\\day_4\\sample1\\math.js","statementMap":{"0":{"start":{"line":1,"column":18},"end":{"line":1,"column":33}},"1":{"start":{"line":1,"column":28},"end":{"line":1,"column":33}},"2":{"start":{"line":2,"column":18},"end":{"line":2,"column":33}},"3":{"start":{"line":2,"column":28},"end":{"line":2,"column":33}},"4":{"start":{"line":3,"column":18},"end":{"line":3,"column":33}},"5":{"start":{"line":3,"column":28},"end":{"line":3,"column":33}},"6":{"start":{"line":4,"column":18},"end":{"line":4,"column":33}},"7":{"start":{"line":4,"column":28},"end":{"line":4,"column":33}},"8":{"start":{"line":6,"column":0},"end":{"line":6,"column":46}}},"fnMap":{"0":{"name":"(anonymous_0)","decl":{"start":{"line":1,"column":18},"end":{"line":1,"column":19}},"loc":{"start":{"line":1,"column":28},"end":{"line":1,"column":33}},"line":1},"1":{"name":"(anonymous_1)","decl":{"start":{"line":2,"column":18},"end":{"line":2,"column":19}},"loc":{"start":{"line":2,"column":28},"end":{"line":2,"column":33}},"line":2},"2":{"name":"(anonymous_2)","decl":{"start":{"line":3,"column":18},"end":{"line":3,"column":19}},"loc":{"start":{"line":3,"column":28},"end":{"line":3,"column":33}},"line":3},"3":{"name":"(anonymous_3)","decl":{"start":{"line":4,"column":18},"end":{"line":4,"column":19}},"loc":{"start":{"line":4,"column":28},"end":{"line":4,"column":33}},"line":4}},"branchMap":{},"s":{"0":1,"1":0,"2":1,"3":0,"4":1,"5":0,"6":1,"7":0,"8":1},"f":{"0":0,"1":0,"2":0,"3":0},"b":{},"_coverageSchema":"1a1c01bbd47fc00a2c39e90264f33305004495a9","hash":"1f47a3b64a3f3d31ac3e19892713a59b422970d9"}
}
